Analysis & Synthesis report for PWM
Wed May 10 18:02:48 2023
Quartus Prime Version 17.1.0 Build 590 10/25/2017 SJ Standard Edition


---------------------
; Table of Contents ;
---------------------
  1. Legal Notice
  2. Analysis & Synthesis Summary
  3. Analysis & Synthesis Settings
  4. Parallel Compilation
  5. Analysis & Synthesis Source Files Read
  6. Analysis & Synthesis Resource Usage Summary
  7. Analysis & Synthesis Resource Utilization by Entity
  8. Analysis & Synthesis DSP Block Usage Summary
  9. User-Specified and Inferred Latches
 10. General Register Statistics
 11. Inverted Register Statistics
 12. Multiplexer Restructuring Statistics (Restructuring Performed)
 13. Parameter Settings for User Entity Instance: Display_module:U3
 14. Parameter Settings for Inferred Entity Instance: PWM_Generate_module:U2|lpm_mult:Mult0
 15. Parameter Settings for Inferred Entity Instance: PWM_Generate_module:U2|lpm_divide:Div0
 16. Parameter Settings for Inferred Entity Instance: Display_module:U3|lpm_divide:Mod0
 17. Parameter Settings for Inferred Entity Instance: Display_module:U3|lpm_divide:Div0
 18. Parameter Settings for Inferred Entity Instance: Display_module:U3|lpm_divide:Mod1
 19. Parameter Settings for Inferred Entity Instance: Display_module:U3|lpm_divide:Div1
 20. Parameter Settings for Inferred Entity Instance: Display_module:U3|lpm_divide:Mod2
 21. lpm_mult Parameter Settings by Entity Instance
 22. Post-Synthesis Netlist Statistics for Top Partition
 23. Elapsed Time Per Partition
 24. Analysis & Synthesis Messages
 25. Analysis & Synthesis Suppressed Messages



----------------
; Legal Notice ;
----------------
Copyright (C) 2017  Intel Corporation. All rights reserved.
Your use of Intel Corporation's design tools, logic functions 
and other software and tools, and its AMPP partner logic 
functions, and any output files from any of the foregoing 
(including device programming or simulation files), and any 
associated documentation or information are expressly subject 
to the terms and conditions of the Intel Program License 
Subscription Agreement, the Intel Quartus Prime License Agreement,
the Intel FPGA IP License Agreement, or other applicable license
agreement, including, without limitation, that your use is for
the sole purpose of programming logic devices manufactured by
Intel and sold by Intel or its authorized distributors.  Please
refer to the applicable agreement for further details.



+--------------------------------------------------------------------------------------+
; Analysis & Synthesis Summary                                                         ;
+------------------------------------+-------------------------------------------------+
; Analysis & Synthesis Status        ; Successful - Wed May 10 18:02:48 2023           ;
; Quartus Prime Version              ; 17.1.0 Build 590 10/25/2017 SJ Standard Edition ;
; Revision Name                      ; PWM                                             ;
; Top-level Entity Name              ; PWM                                             ;
; Family                             ; Cyclone IV E                                    ;
; Total logic elements               ; 905                                             ;
;     Total combinational functions  ; 901                                             ;
;     Dedicated logic registers      ; 70                                              ;
; Total registers                    ; 70                                              ;
; Total pins                         ; 29                                              ;
; Total virtual pins                 ; 0                                               ;
; Total memory bits                  ; 0                                               ;
; Embedded Multiplier 9-bit elements ; 3                                               ;
; Total PLLs                         ; 0                                               ;
+------------------------------------+-------------------------------------------------+


+----------------------------------------------------------------------------------------------------------------------+
; Analysis & Synthesis Settings                                                                                        ;
+----------------------------------------------------------------------------+--------------------+--------------------+
; Option                                                                     ; Setting            ; Default Value      ;
+----------------------------------------------------------------------------+--------------------+--------------------+
; Device                                                                     ; EP4CE55F23I7       ;                    ;
; Top-level entity name                                                      ; PWM                ; PWM                ;
; Family name                                                                ; Cyclone IV E       ; Cyclone V          ;
; Use smart compilation                                                      ; Off                ; Off                ;
; Enable parallel Assembler and TimeQuest Timing Analyzer during compilation ; On                 ; On                 ;
; Enable compact report table                                                ; Off                ; Off                ;
; Restructure Multiplexers                                                   ; Auto               ; Auto               ;
; Create Debugging Nodes for IP Cores                                        ; Off                ; Off                ;
; Preserve fewer node names                                                  ; On                 ; On                 ;
; Intel FPGA IP Evaluation Mode                                              ; Enable             ; Enable             ;
; Verilog Version                                                            ; Verilog_2001       ; Verilog_2001       ;
; VHDL Version                                                               ; VHDL_1993          ; VHDL_1993          ;
; State Machine Processing                                                   ; Auto               ; Auto               ;
; Safe State Machine                                                         ; Off                ; Off                ;
; Extract Verilog State Machines                                             ; On                 ; On                 ;
; Extract VHDL State Machines                                                ; On                 ; On                 ;
; Ignore Verilog initial constructs                                          ; Off                ; Off                ;
; Iteration limit for constant Verilog loops                                 ; 5000               ; 5000               ;
; Iteration limit for non-constant Verilog loops                             ; 250                ; 250                ;
; Add Pass-Through Logic to Inferred RAMs                                    ; On                 ; On                 ;
; Infer RAMs from Raw Logic                                                  ; On                 ; On                 ;
; Parallel Synthesis                                                         ; On                 ; On                 ;
; DSP Block Balancing                                                        ; Auto               ; Auto               ;
; NOT Gate Push-Back                                                         ; On                 ; On                 ;
; Power-Up Don't Care                                                        ; On                 ; On                 ;
; Remove Redundant Logic Cells                                               ; Off                ; Off                ;
; Remove Duplicate Registers                                                 ; On                 ; On                 ;
; Ignore CARRY Buffers                                                       ; Off                ; Off                ;
; Ignore CASCADE Buffers                                                     ; Off                ; Off                ;
; Ignore GLOBAL Buffers                                                      ; Off                ; Off                ;
; Ignore ROW GLOBAL Buffers                                                  ; Off                ; Off                ;
; Ignore LCELL Buffers                                                       ; Off                ; Off                ;
; Ignore SOFT Buffers                                                        ; On                 ; On                 ;
; Limit AHDL Integers to 32 Bits                                             ; Off                ; Off                ;
; Optimization Technique                                                     ; Balanced           ; Balanced           ;
; Carry Chain Length                                                         ; 70                 ; 70                 ;
; Auto Carry Chains                                                          ; On                 ; On                 ;
; Auto Open-Drain Pins                                                       ; On                 ; On                 ;
; Perform WYSIWYG Primitive Resynthesis                                      ; Off                ; Off                ;
; Auto ROM Replacement                                                       ; On                 ; On                 ;
; Auto RAM Replacement                                                       ; On                 ; On                 ;
; Auto DSP Block Replacement                                                 ; On                 ; On                 ;
; Auto Shift Register Replacement                                            ; Auto               ; Auto               ;
; Allow Shift Register Merging across Hierarchies                            ; Auto               ; Auto               ;
; Auto Clock Enable Replacement                                              ; On                 ; On                 ;
; Strict RAM Replacement                                                     ; Off                ; Off                ;
; Allow Synchronous Control Signals                                          ; On                 ; On                 ;
; Force Use of Synchronous Clear Signals                                     ; Off                ; Off                ;
; Auto RAM Block Balancing                                                   ; On                 ; On                 ;
; Auto RAM to Logic Cell Conversion                                          ; Off                ; Off                ;
; Auto Resource Sharing                                                      ; Off                ; Off                ;
; Allow Any RAM Size For Recognition                                         ; Off                ; Off                ;
; Allow Any ROM Size For Recognition                                         ; Off                ; Off                ;
; Allow Any Shift Register Size For Recognition                              ; Off                ; Off                ;
; Use LogicLock Constraints during Resource Balancing                        ; On                 ; On                 ;
; Ignore translate_off and synthesis_off directives                          ; Off                ; Off                ;
; Timing-Driven Synthesis                                                    ; On                 ; On                 ;
; Report Parameter Settings                                                  ; On                 ; On                 ;
; Report Source Assignments                                                  ; On                 ; On                 ;
; Report Connectivity Checks                                                 ; On                 ; On                 ;
; Ignore Maximum Fan-Out Assignments                                         ; Off                ; Off                ;
; Synchronization Register Chain Length                                      ; 2                  ; 2                  ;
; Power Optimization During Synthesis                                        ; Normal compilation ; Normal compilation ;
; HDL message level                                                          ; Level2             ; Level2             ;
; Suppress Register Optimization Related Messages                            ; Off                ; Off                ;
; Number of Removed Registers Reported in Synthesis Report                   ; 5000               ; 5000               ;
; Number of Swept Nodes Reported in Synthesis Report                         ; 5000               ; 5000               ;
; Number of Inverted Registers Reported in Synthesis Report                  ; 100                ; 100                ;
; Clock MUX Protection                                                       ; On                 ; On                 ;
; Auto Gated Clock Conversion                                                ; Off                ; Off                ;
; Block Design Naming                                                        ; Auto               ; Auto               ;
; SDC constraint protection                                                  ; Off                ; Off                ;
; Synthesis Effort                                                           ; Auto               ; Auto               ;
; Shift Register Replacement - Allow Asynchronous Clear Signal               ; On                 ; On                 ;
; Pre-Mapping Resynthesis Optimization                                       ; Off                ; Off                ;
; Analysis & Synthesis Message Level                                         ; Medium             ; Medium             ;
; Disable Register Merging Across Hierarchies                                ; Auto               ; Auto               ;
; Resource Aware Inference For Block RAM                                     ; On                 ; On                 ;
+----------------------------------------------------------------------------+--------------------+--------------------+


+------------------------------------------+
; Parallel Compilation                     ;
+----------------------------+-------------+
; Processors                 ; Number      ;
+----------------------------+-------------+
; Number detected on machine ; 8           ;
; Maximum allowed            ; 4           ;
;                            ;             ;
; Average used               ; 1.00        ;
; Maximum used               ; 4           ;
;                            ;             ;
; Usage by Processor         ; % Time Used ;
;     Processor 1            ; 100.0%      ;
;     Processor 2            ;   0.1%      ;
;     Processor 3            ;   0.1%      ;
;     Processor 4            ;   0.1%      ;
+----------------------------+-------------+


+------------------------------------------------------------------------------------------------------------------------------------------------------------------------------+
; Analysis & Synthesis Source Files Read                                                                                                                                       ;
+----------------------------------+-----------------+------------------------------+--------------------------------------------------------------------------------+---------+
; File Name with User-Entered Path ; Used in Netlist ; File Type                    ; File Name with Absolute Path                                                   ; Library ;
+----------------------------------+-----------------+------------------------------+--------------------------------------------------------------------------------+---------+
; PWM.v                            ; yes             ; User Verilog HDL File        ; D:/Desktop/undergraduate/Embedded/FPGA/code/14 PWM/PWM.v                       ;         ;
; Adjust_module.v                  ; yes             ; User Verilog HDL File        ; D:/Desktop/undergraduate/Embedded/FPGA/code/14 PWM/Adjust_module.v             ;         ;
; Jitter_Elimination_module.v      ; yes             ; User Verilog HDL File        ; D:/Desktop/undergraduate/Embedded/FPGA/code/14 PWM/Jitter_Elimination_module.v ;         ;
; PWM_Generate_module.v            ; yes             ; User Verilog HDL File        ; D:/Desktop/undergraduate/Embedded/FPGA/code/14 PWM/PWM_Generate_module.v       ;         ;
; Display_module.v                 ; yes             ; User Verilog HDL File        ; D:/Desktop/undergraduate/Embedded/FPGA/code/14 PWM/Display_module.v            ;         ;
; lpm_mult.tdf                     ; yes             ; Megafunction                 ; d:/intelfpga/17.1/quartus/libraries/megafunctions/lpm_mult.tdf                 ;         ;
; aglobal171.inc                   ; yes             ; Megafunction                 ; d:/intelfpga/17.1/quartus/libraries/megafunctions/aglobal171.inc               ;         ;
; lpm_add_sub.inc                  ; yes             ; Megafunction                 ; d:/intelfpga/17.1/quartus/libraries/megafunctions/lpm_add_sub.inc              ;         ;
; multcore.inc                     ; yes             ; Megafunction                 ; d:/intelfpga/17.1/quartus/libraries/megafunctions/multcore.inc                 ;         ;
; bypassff.inc                     ; yes             ; Megafunction                 ; d:/intelfpga/17.1/quartus/libraries/megafunctions/bypassff.inc                 ;         ;
; altshift.inc                     ; yes             ; Megafunction                 ; d:/intelfpga/17.1/quartus/libraries/megafunctions/altshift.inc                 ;         ;
; db/mult_mbt.tdf                  ; yes             ; Auto-Generated Megafunction  ; D:/Desktop/undergraduate/Embedded/FPGA/code/14 PWM/db/mult_mbt.tdf             ;         ;
; lpm_divide.tdf                   ; yes             ; Megafunction                 ; d:/intelfpga/17.1/quartus/libraries/megafunctions/lpm_divide.tdf               ;         ;
; abs_divider.inc                  ; yes             ; Megafunction                 ; d:/intelfpga/17.1/quartus/libraries/megafunctions/abs_divider.inc              ;         ;
; sign_div_unsign.inc              ; yes             ; Megafunction                 ; d:/intelfpga/17.1/quartus/libraries/megafunctions/sign_div_unsign.inc          ;         ;
; db/lpm_divide_3jm.tdf            ; yes             ; Auto-Generated Megafunction  ; D:/Desktop/undergraduate/Embedded/FPGA/code/14 PWM/db/lpm_divide_3jm.tdf       ;         ;
; db/sign_div_unsign_rlh.tdf       ; yes             ; Auto-Generated Megafunction  ; D:/Desktop/undergraduate/Embedded/FPGA/code/14 PWM/db/sign_div_unsign_rlh.tdf  ;         ;
; db/alt_u_div_a7f.tdf             ; yes             ; Auto-Generated Megafunction  ; D:/Desktop/undergraduate/Embedded/FPGA/code/14 PWM/db/alt_u_div_a7f.tdf        ;         ;
; db/add_sub_7pc.tdf               ; yes             ; Auto-Generated Megafunction  ; D:/Desktop/undergraduate/Embedded/FPGA/code/14 PWM/db/add_sub_7pc.tdf          ;         ;
; db/add_sub_8pc.tdf               ; yes             ; Auto-Generated Megafunction  ; D:/Desktop/undergraduate/Embedded/FPGA/code/14 PWM/db/add_sub_8pc.tdf          ;         ;
; db/lpm_divide_m9m.tdf            ; yes             ; Auto-Generated Megafunction  ; D:/Desktop/undergraduate/Embedded/FPGA/code/14 PWM/db/lpm_divide_m9m.tdf       ;         ;
; db/sign_div_unsign_bkh.tdf       ; yes             ; Auto-Generated Megafunction  ; D:/Desktop/undergraduate/Embedded/FPGA/code/14 PWM/db/sign_div_unsign_bkh.tdf  ;         ;
; db/alt_u_div_a4f.tdf             ; yes             ; Auto-Generated Megafunction  ; D:/Desktop/undergraduate/Embedded/FPGA/code/14 PWM/db/alt_u_div_a4f.tdf        ;         ;
; db/lpm_divide_jhm.tdf            ; yes             ; Auto-Generated Megafunction  ; D:/Desktop/undergraduate/Embedded/FPGA/code/14 PWM/db/lpm_divide_jhm.tdf       ;         ;
; db/lpm_divide_mhm.tdf            ; yes             ; Auto-Generated Megafunction  ; D:/Desktop/undergraduate/Embedded/FPGA/code/14 PWM/db/lpm_divide_mhm.tdf       ;         ;
; db/sign_div_unsign_ekh.tdf       ; yes             ; Auto-Generated Megafunction  ; D:/Desktop/undergraduate/Embedded/FPGA/code/14 PWM/db/sign_div_unsign_ekh.tdf  ;         ;
; db/alt_u_div_g4f.tdf             ; yes             ; Auto-Generated Megafunction  ; D:/Desktop/undergraduate/Embedded/FPGA/code/14 PWM/db/alt_u_div_g4f.tdf        ;         ;
+----------------------------------+-----------------+------------------------------+--------------------------------------------------------------------------------+---------+


+----------------------------------------------------------+
; Analysis & Synthesis Resource Usage Summary              ;
+---------------------------------------------+------------+
; Resource                                    ; Usage      ;
+---------------------------------------------+------------+
; Estimated Total logic elements              ; 905        ;
;                                             ;            ;
; Total combinational functions               ; 901        ;
; Logic element usage by number of LUT inputs ;            ;
;     -- 4 input functions                    ; 204        ;
;     -- 3 input functions                    ; 276        ;
;     -- <=2 input functions                  ; 421        ;
;                                             ;            ;
; Logic elements by mode                      ;            ;
;     -- normal mode                          ; 582        ;
;     -- arithmetic mode                      ; 319        ;
;                                             ;            ;
; Total registers                             ; 70         ;
;     -- Dedicated logic registers            ; 70         ;
;     -- I/O registers                        ; 0          ;
;                                             ;            ;
; I/O pins                                    ; 29         ;
;                                             ;            ;
; Embedded Multiplier 9-bit elements          ; 3          ;
;                                             ;            ;
; Maximum fan-out node                        ; Rstn~input ;
; Maximum fan-out                             ; 82         ;
; Total fan-out                               ; 2726       ;
; Average fan-out                             ; 2.64       ;
+---------------------------------------------+------------+


+-----------------------------------------------------------------------------------------------------------------------------------------------------------------------------------------------------------------------------------------------------------------------------------------------------------------------------------------------+
; Analysis & Synthesis Resource Utilization by Entity                                                                                                                                                                                                                                                                                           ;
+-------------------------------------------+---------------------+---------------------------+-------------+--------------+---------+-----------+------+--------------+-----------------------------------------------------------------------------------------------------------------------------+---------------------------+--------------+
; Compilation Hierarchy Node                ; Combinational ALUTs ; Dedicated Logic Registers ; Memory Bits ; DSP Elements ; DSP 9x9 ; DSP 18x18 ; Pins ; Virtual Pins ; Full Hierarchy Name                                                                                                         ; Entity Name               ; Library Name ;
+-------------------------------------------+---------------------+---------------------------+-------------+--------------+---------+-----------+------+--------------+-----------------------------------------------------------------------------------------------------------------------------+---------------------------+--------------+
; |PWM                                      ; 901 (0)             ; 70 (0)                    ; 0           ; 3            ; 1       ; 1         ; 29   ; 0            ; |PWM                                                                                                                        ; PWM                       ; work         ;
;    |Adjust_module:U1|                     ; 46 (40)             ; 35 (27)                   ; 0           ; 0            ; 0       ; 0         ; 0    ; 0            ; |PWM|Adjust_module:U1                                                                                                       ; Adjust_module             ; work         ;
;       |Jitter_Elimination_module:U1|      ; 2 (2)               ; 2 (2)                     ; 0           ; 0            ; 0       ; 0         ; 0    ; 0            ; |PWM|Adjust_module:U1|Jitter_Elimination_module:U1                                                                          ; Jitter_Elimination_module ; work         ;
;       |Jitter_Elimination_module:U2|      ; 1 (1)               ; 2 (2)                     ; 0           ; 0            ; 0       ; 0         ; 0    ; 0            ; |PWM|Adjust_module:U1|Jitter_Elimination_module:U2                                                                          ; Jitter_Elimination_module ; work         ;
;       |Jitter_Elimination_module:U3|      ; 2 (2)               ; 2 (2)                     ; 0           ; 0            ; 0       ; 0         ; 0    ; 0            ; |PWM|Adjust_module:U1|Jitter_Elimination_module:U3                                                                          ; Jitter_Elimination_module ; work         ;
;       |Jitter_Elimination_module:U4|      ; 1 (1)               ; 2 (2)                     ; 0           ; 0            ; 0       ; 0         ; 0    ; 0            ; |PWM|Adjust_module:U1|Jitter_Elimination_module:U4                                                                          ; Jitter_Elimination_module ; work         ;
;    |Display_module:U3|                    ; 271 (110)           ; 10 (10)                   ; 0           ; 0            ; 0       ; 0         ; 0    ; 0            ; |PWM|Display_module:U3                                                                                                      ; Display_module            ; work         ;
;       |lpm_divide:Div0|                   ; 58 (0)              ; 0 (0)                     ; 0           ; 0            ; 0       ; 0         ; 0    ; 0            ; |PWM|Display_module:U3|lpm_divide:Div0                                                                                      ; lpm_divide                ; work         ;
;          |lpm_divide_jhm:auto_generated|  ; 58 (0)              ; 0 (0)                     ; 0           ; 0            ; 0       ; 0         ; 0    ; 0            ; |PWM|Display_module:U3|lpm_divide:Div0|lpm_divide_jhm:auto_generated                                                        ; lpm_divide_jhm            ; work         ;
;             |sign_div_unsign_bkh:divider| ; 58 (0)              ; 0 (0)                     ; 0           ; 0            ; 0       ; 0         ; 0    ; 0            ; |PWM|Display_module:U3|lpm_divide:Div0|lpm_divide_jhm:auto_generated|sign_div_unsign_bkh:divider                            ; sign_div_unsign_bkh       ; work         ;
;                |alt_u_div_a4f:divider|    ; 58 (58)             ; 0 (0)                     ; 0           ; 0            ; 0       ; 0         ; 0    ; 0            ; |PWM|Display_module:U3|lpm_divide:Div0|lpm_divide_jhm:auto_generated|sign_div_unsign_bkh:divider|alt_u_div_a4f:divider      ; alt_u_div_a4f             ; work         ;
;       |lpm_divide:Div1|                   ; 25 (0)              ; 0 (0)                     ; 0           ; 0            ; 0       ; 0         ; 0    ; 0            ; |PWM|Display_module:U3|lpm_divide:Div1                                                                                      ; lpm_divide                ; work         ;
;          |lpm_divide_mhm:auto_generated|  ; 25 (0)              ; 0 (0)                     ; 0           ; 0            ; 0       ; 0         ; 0    ; 0            ; |PWM|Display_module:U3|lpm_divide:Div1|lpm_divide_mhm:auto_generated                                                        ; lpm_divide_mhm            ; work         ;
;             |sign_div_unsign_ekh:divider| ; 25 (0)              ; 0 (0)                     ; 0           ; 0            ; 0       ; 0         ; 0    ; 0            ; |PWM|Display_module:U3|lpm_divide:Div1|lpm_divide_mhm:auto_generated|sign_div_unsign_ekh:divider                            ; sign_div_unsign_ekh       ; work         ;
;                |alt_u_div_g4f:divider|    ; 25 (25)             ; 0 (0)                     ; 0           ; 0            ; 0       ; 0         ; 0    ; 0            ; |PWM|Display_module:U3|lpm_divide:Div1|lpm_divide_mhm:auto_generated|sign_div_unsign_ekh:divider|alt_u_div_g4f:divider      ; alt_u_div_g4f             ; work         ;
;       |lpm_divide:Mod0|                   ; 58 (0)              ; 0 (0)                     ; 0           ; 0            ; 0       ; 0         ; 0    ; 0            ; |PWM|Display_module:U3|lpm_divide:Mod0                                                                                      ; lpm_divide                ; work         ;
;          |lpm_divide_m9m:auto_generated|  ; 58 (0)              ; 0 (0)                     ; 0           ; 0            ; 0       ; 0         ; 0    ; 0            ; |PWM|Display_module:U3|lpm_divide:Mod0|lpm_divide_m9m:auto_generated                                                        ; lpm_divide_m9m            ; work         ;
;             |sign_div_unsign_bkh:divider| ; 58 (0)              ; 0 (0)                     ; 0           ; 0            ; 0       ; 0         ; 0    ; 0            ; |PWM|Display_module:U3|lpm_divide:Mod0|lpm_divide_m9m:auto_generated|sign_div_unsign_bkh:divider                            ; sign_div_unsign_bkh       ; work         ;
;                |alt_u_div_a4f:divider|    ; 58 (58)             ; 0 (0)                     ; 0           ; 0            ; 0       ; 0         ; 0    ; 0            ; |PWM|Display_module:U3|lpm_divide:Mod0|lpm_divide_m9m:auto_generated|sign_div_unsign_bkh:divider|alt_u_div_a4f:divider      ; alt_u_div_a4f             ; work         ;
;       |lpm_divide:Mod1|                   ; 20 (0)              ; 0 (0)                     ; 0           ; 0            ; 0       ; 0         ; 0    ; 0            ; |PWM|Display_module:U3|lpm_divide:Mod1                                                                                      ; lpm_divide                ; work         ;
;          |lpm_divide_m9m:auto_generated|  ; 20 (0)              ; 0 (0)                     ; 0           ; 0            ; 0       ; 0         ; 0    ; 0            ; |PWM|Display_module:U3|lpm_divide:Mod1|lpm_divide_m9m:auto_generated                                                        ; lpm_divide_m9m            ; work         ;
;             |sign_div_unsign_bkh:divider| ; 20 (0)              ; 0 (0)                     ; 0           ; 0            ; 0       ; 0         ; 0    ; 0            ; |PWM|Display_module:U3|lpm_divide:Mod1|lpm_divide_m9m:auto_generated|sign_div_unsign_bkh:divider                            ; sign_div_unsign_bkh       ; work         ;
;                |alt_u_div_a4f:divider|    ; 20 (20)             ; 0 (0)                     ; 0           ; 0            ; 0       ; 0         ; 0    ; 0            ; |PWM|Display_module:U3|lpm_divide:Mod1|lpm_divide_m9m:auto_generated|sign_div_unsign_bkh:divider|alt_u_div_a4f:divider      ; alt_u_div_a4f             ; work         ;
;    |PWM_Generate_module:U2|               ; 584 (84)            ; 25 (25)                   ; 0           ; 3            ; 1       ; 1         ; 0    ; 0            ; |PWM|PWM_Generate_module:U2                                                                                                 ; PWM_Generate_module       ; work         ;
;       |lpm_divide:Div0|                   ; 486 (0)             ; 0 (0)                     ; 0           ; 0            ; 0       ; 0         ; 0    ; 0            ; |PWM|PWM_Generate_module:U2|lpm_divide:Div0                                                                                 ; lpm_divide                ; work         ;
;          |lpm_divide_3jm:auto_generated|  ; 486 (0)             ; 0 (0)                     ; 0           ; 0            ; 0       ; 0         ; 0    ; 0            ; |PWM|PWM_Generate_module:U2|lpm_divide:Div0|lpm_divide_3jm:auto_generated                                                   ; lpm_divide_3jm            ; work         ;
;             |sign_div_unsign_rlh:divider| ; 486 (0)             ; 0 (0)                     ; 0           ; 0            ; 0       ; 0         ; 0    ; 0            ; |PWM|PWM_Generate_module:U2|lpm_divide:Div0|lpm_divide_3jm:auto_generated|sign_div_unsign_rlh:divider                       ; sign_div_unsign_rlh       ; work         ;
;                |alt_u_div_a7f:divider|    ; 486 (486)           ; 0 (0)                     ; 0           ; 0            ; 0       ; 0         ; 0    ; 0            ; |PWM|PWM_Generate_module:U2|lpm_divide:Div0|lpm_divide_3jm:auto_generated|sign_div_unsign_rlh:divider|alt_u_div_a7f:divider ; alt_u_div_a7f             ; work         ;
;       |lpm_mult:Mult0|                    ; 14 (0)              ; 0 (0)                     ; 0           ; 3            ; 1       ; 1         ; 0    ; 0            ; |PWM|PWM_Generate_module:U2|lpm_mult:Mult0                                                                                  ; lpm_mult                  ; work         ;
;          |mult_mbt:auto_generated|        ; 14 (14)             ; 0 (0)                     ; 0           ; 3            ; 1       ; 1         ; 0    ; 0            ; |PWM|PWM_Generate_module:U2|lpm_mult:Mult0|mult_mbt:auto_generated                                                          ; mult_mbt                  ; work         ;
+-------------------------------------------+---------------------+---------------------------+-------------+--------------+---------+-----------+------+--------------+-----------------------------------------------------------------------------------------------------------------------------+---------------------------+--------------+
Note: For table entries with two numbers listed, the numbers in parentheses indicate the number of resources of the given type used by the specific entity alone. The numbers listed outside of parentheses indicate the total resources of the given type used by the specific entity and all of its sub-entities in the hierarchy.


+-----------------------------------------------------+
; Analysis & Synthesis DSP Block Usage Summary        ;
+---------------------------------------+-------------+
; Statistic                             ; Number Used ;
+---------------------------------------+-------------+
; Simple Multipliers (9-bit)            ; 1           ;
; Simple Multipliers (18-bit)           ; 1           ;
; Embedded Multiplier Blocks            ; --          ;
; Embedded Multiplier 9-bit elements    ; 3           ;
; Signed Embedded Multipliers           ; 0           ;
; Unsigned Embedded Multipliers         ; 2           ;
; Mixed Sign Embedded Multipliers       ; 0           ;
; Variable Sign Embedded Multipliers    ; 0           ;
; Dedicated Input Shift Register Chains ; 0           ;
+---------------------------------------+-------------+
Note: number of Embedded Multiplier Blocks used is only available after a successful fit.


+--------------------------------------------------------------------------------------------------------------------+
; User-Specified and Inferred Latches                                                                                ;
+-----------------------------------------------------+-------------------------------------+------------------------+
; Latch Name                                          ; Latch Enable Signal                 ; Free of Timing Hazards ;
+-----------------------------------------------------+-------------------------------------+------------------------+
; Display_module:U3|W_Digitron_Out[0]                 ; Display_module:U3|W_Digitron_Out[6] ; yes                    ;
; Display_module:U3|W_Digitron_Out[1]                 ; Display_module:U3|W_Digitron_Out[6] ; yes                    ;
; Display_module:U3|W_Digitron_Out[2]                 ; Display_module:U3|W_Digitron_Out[6] ; yes                    ;
; Display_module:U3|W_Digitron_Out[3]                 ; Display_module:U3|W_Digitron_Out[6] ; yes                    ;
; Display_module:U3|W_Digitron_Out[4]                 ; Display_module:U3|W_Digitron_Out[6] ; yes                    ;
; Display_module:U3|W_Digitron_Out[5]                 ; Display_module:U3|W_Digitron_Out[6] ; yes                    ;
; Display_module:U3|W_Digitron_Out[6]                 ; Display_module:U3|W_Digitron_Out[6] ; yes                    ;
; Display_module:U3|SingleNum[4]                      ; Rstn                                ; yes                    ;
; Display_module:U3|SingleNum[0]                      ; Rstn                                ; yes                    ;
; Display_module:U3|SingleNum[1]                      ; Rstn                                ; yes                    ;
; Display_module:U3|SingleNum[2]                      ; Rstn                                ; yes                    ;
; Display_module:U3|SingleNum[3]                      ; Rstn                                ; yes                    ;
; Number of user-specified and inferred latches = 12  ;                                     ;                        ;
+-----------------------------------------------------+-------------------------------------+------------------------+
Note: All latches listed above may not be present at the end of synthesis due to various synthesis optimizations.


+------------------------------------------------------+
; General Register Statistics                          ;
+----------------------------------------------+-------+
; Statistic                                    ; Value ;
+----------------------------------------------+-------+
; Total registers                              ; 70    ;
; Number of registers using Synchronous Clear  ; 24    ;
; Number of registers using Synchronous Load   ; 0     ;
; Number of registers using Asynchronous Clear ; 60    ;
; Number of registers using Asynchronous Load  ; 0     ;
; Number of registers using Clock Enable       ; 27    ;
; Number of registers using Preset             ; 0     ;
+----------------------------------------------+-------+


+--------------------------------------------------------------+
; Inverted Register Statistics                                 ;
+----------------------------------------------------+---------+
; Inverted Register                                  ; Fan out ;
+----------------------------------------------------+---------+
; Adjust_module:U1|Duty[5]                           ; 14      ;
; Adjust_module:U1|Duty[4]                           ; 12      ;
; Adjust_module:U1|Duty[1]                           ; 8       ;
; Adjust_module:U1|Count_P[4]                        ; 6       ;
; Adjust_module:U1|Count_P[7]                        ; 5       ;
; Adjust_module:U1|Count_P[16]                       ; 6       ;
; Adjust_module:U1|Count_P[12]                       ; 5       ;
; Adjust_module:U1|Count_P[17]                       ; 6       ;
; Adjust_module:U1|Count_P[14]                       ; 5       ;
; Adjust_module:U1|Count_P[15]                       ; 5       ;
; Adjust_module:U1|Jitter_Elimination_module:U1|neg1 ; 2       ;
; Adjust_module:U1|Jitter_Elimination_module:U1|neg2 ; 1       ;
; Adjust_module:U1|Jitter_Elimination_module:U2|neg1 ; 2       ;
; Adjust_module:U1|Jitter_Elimination_module:U2|neg2 ; 1       ;
; Adjust_module:U1|Jitter_Elimination_module:U3|neg1 ; 3       ;
; Adjust_module:U1|Jitter_Elimination_module:U3|neg2 ; 2       ;
; Adjust_module:U1|Jitter_Elimination_module:U4|neg1 ; 2       ;
; Adjust_module:U1|Jitter_Elimination_module:U4|neg2 ; 1       ;
; Total number of inverted registers = 18            ;         ;
+----------------------------------------------------+---------+


+---------------------------------------------------------------------------------------------------------------------------------------------------+
; Multiplexer Restructuring Statistics (Restructuring Performed)                                                                                    ;
+--------------------+-----------+---------------+----------------------+------------------------+------------+-------------------------------------+
; Multiplexer Inputs ; Bus Width ; Baseline Area ; Area if Restructured ; Saving if Restructured ; Registered ; Example Multiplexer Output          ;
+--------------------+-----------+---------------+----------------------+------------------------+------------+-------------------------------------+
; 3:1                ; 7 bits    ; 14 LEs        ; 7 LEs                ; 7 LEs                  ; Yes        ; |PWM|Adjust_module:U1|Duty[2]       ;
; 3:1                ; 20 bits   ; 40 LEs        ; 20 LEs               ; 20 LEs                 ; Yes        ; |PWM|Adjust_module:U1|Count_P[11]   ;
; 4:1                ; 8 bits    ; 16 LEs        ; 16 LEs               ; 0 LEs                  ; No         ; |PWM|Display_module:U3|Selector3    ;
; 5:1                ; 4 bits    ; 12 LEs        ; 12 LEs               ; 0 LEs                  ; No         ; |PWM|Display_module:U3|DigOutB[0]   ;
; 4:1                ; 4 bits    ; 8 LEs         ; 8 LEs                ; 0 LEs                  ; No         ; |PWM|Display_module:U3|SingleNum[2] ;
; 6:1                ; 4 bits    ; 16 LEs        ; 8 LEs                ; 8 LEs                  ; No         ; |PWM|Display_module:U3|SingleNum    ;
; 4:1                ; 4 bits    ; 8 LEs         ; 8 LEs                ; 0 LEs                  ; No         ; |PWM|Display_module:U3|DigOutA[3]   ;
+--------------------+-----------+---------------+----------------------+------------------------+------------+-------------------------------------+


+----------------------------------------------------------------+
; Parameter Settings for User Entity Instance: Display_module:U3 ;
+----------------+----------+------------------------------------+
; Parameter Name ; Value    ; Type                               ;
+----------------+----------+------------------------------------+
; _0             ; 00111111 ; Unsigned Binary                    ;
; _1             ; 00000110 ; Unsigned Binary                    ;
; _2             ; 01011011 ; Unsigned Binary                    ;
; _3             ; 01001111 ; Unsigned Binary                    ;
; _4             ; 01100110 ; Unsigned Binary                    ;
; _5             ; 01101101 ; Unsigned Binary                    ;
; _6             ; 01111101 ; Unsigned Binary                    ;
; _7             ; 00000111 ; Unsigned Binary                    ;
; _8             ; 01111111 ; Unsigned Binary                    ;
; _9             ; 01101111 ; Unsigned Binary                    ;
; _A             ; 01110111 ; Unsigned Binary                    ;
; _B             ; 01111100 ; Unsigned Binary                    ;
; _C             ; 00111001 ; Unsigned Binary                    ;
; _D             ; 01011110 ; Unsigned Binary                    ;
; _E             ; 01111001 ; Unsigned Binary                    ;
; _F             ; 01110001 ; Unsigned Binary                    ;
; _None          ; 00000000 ; Unsigned Binary                    ;
+----------------+----------+------------------------------------+
Note: In order to hide this table in the UI and the text report file, please set the "Show Parameter Settings in Synthesis Report" option in "Analysis and Synthesis Settings -> More Settings" to "Off".


+----------------------------------------------------------------------------------------+
; Parameter Settings for Inferred Entity Instance: PWM_Generate_module:U2|lpm_mult:Mult0 ;
+------------------------------------------------+--------------+------------------------+
; Parameter Name                                 ; Value        ; Type                   ;
+------------------------------------------------+--------------+------------------------+
; AUTO_CARRY_CHAINS                              ; ON           ; AUTO_CARRY             ;
; IGNORE_CARRY_BUFFERS                           ; OFF          ; IGNORE_CARRY           ;
; AUTO_CASCADE_CHAINS                            ; ON           ; AUTO_CASCADE           ;
; IGNORE_CASCADE_BUFFERS                         ; OFF          ; IGNORE_CASCADE         ;
; LPM_WIDTHA                                     ; 24           ; Untyped                ;
; LPM_WIDTHB                                     ; 8            ; Untyped                ;
; LPM_WIDTHP                                     ; 32           ; Untyped                ;
; LPM_WIDTHR                                     ; 32           ; Untyped                ;
; LPM_WIDTHS                                     ; 1            ; Untyped                ;
; LPM_REPRESENTATION                             ; UNSIGNED     ; Untyped                ;
; LPM_PIPELINE                                   ; 0            ; Untyped                ;
; LATENCY                                        ; 0            ; Untyped                ;
; INPUT_A_IS_CONSTANT                            ; NO           ; Untyped                ;
; INPUT_B_IS_CONSTANT                            ; NO           ; Untyped                ;
; USE_EAB                                        ; OFF          ; Untyped                ;
; MAXIMIZE_SPEED                                 ; 5            ; Untyped                ;
; DEVICE_FAMILY                                  ; Cyclone IV E ; Untyped                ;
; CARRY_CHAIN                                    ; MANUAL       ; Untyped                ;
; APEX20K_TECHNOLOGY_MAPPER                      ; LUT          ; TECH_MAPPER_APEX20K    ;
; DEDICATED_MULTIPLIER_CIRCUITRY                 ; AUTO         ; Untyped                ;
; DEDICATED_MULTIPLIER_MIN_INPUT_WIDTH_FOR_AUTO  ; 0            ; Untyped                ;
; DEDICATED_MULTIPLIER_MIN_OUTPUT_WIDTH_FOR_AUTO ; 0            ; Untyped                ;
; CBXI_PARAMETER                                 ; mult_mbt     ; Untyped                ;
; INPUT_A_FIXED_VALUE                            ; Bx           ; Untyped                ;
; INPUT_B_FIXED_VALUE                            ; Bx           ; Untyped                ;
; USE_AHDL_IMPLEMENTATION                        ; OFF          ; Untyped                ;
+------------------------------------------------+--------------+------------------------+
Note: In order to hide this table in the UI and the text report file, please set the "Show Parameter Settings in Synthesis Report" option in "Analysis and Synthesis Settings -> More Settings" to "Off".


+-----------------------------------------------------------------------------------------+
; Parameter Settings for Inferred Entity Instance: PWM_Generate_module:U2|lpm_divide:Div0 ;
+------------------------+----------------+-----------------------------------------------+
; Parameter Name         ; Value          ; Type                                          ;
+------------------------+----------------+-----------------------------------------------+
; LPM_WIDTHN             ; 32             ; Untyped                                       ;
; LPM_WIDTHD             ; 7              ; Untyped                                       ;
; LPM_NREPRESENTATION    ; UNSIGNED       ; Untyped                                       ;
; LPM_DREPRESENTATION    ; UNSIGNED       ; Untyped                                       ;
; LPM_PIPELINE           ; 0              ; Untyped                                       ;
; LPM_REMAINDERPOSITIVE  ; TRUE           ; Untyped                                       ;
; MAXIMIZE_SPEED         ; 5              ; Untyped                                       ;
; CBXI_PARAMETER         ; lpm_divide_3jm ; Untyped                                       ;
; CARRY_CHAIN            ; MANUAL         ; Untyped                                       ;
; OPTIMIZE_FOR_SPEED     ; 5              ; Untyped                                       ;
; AUTO_CARRY_CHAINS      ; ON             ; AUTO_CARRY                                    ;
; IGNORE_CARRY_BUFFERS   ; OFF            ; IGNORE_CARRY                                  ;
; AUTO_CASCADE_CHAINS    ; ON             ; AUTO_CASCADE                                  ;
; IGNORE_CASCADE_BUFFERS ; OFF            ; IGNORE_CASCADE                                ;
+------------------------+----------------+-----------------------------------------------+
Note: In order to hide this table in the UI and the text report file, please set the "Show Parameter Settings in Synthesis Report" option in "Analysis and Synthesis Settings -> More Settings" to "Off".


+------------------------------------------------------------------------------------+
; Parameter Settings for Inferred Entity Instance: Display_module:U3|lpm_divide:Mod0 ;
+------------------------+----------------+------------------------------------------+
; Parameter Name         ; Value          ; Type                                     ;
+------------------------+----------------+------------------------------------------+
; LPM_WIDTHN             ; 8              ; Untyped                                  ;
; LPM_WIDTHD             ; 4              ; Untyped                                  ;
; LPM_NREPRESENTATION    ; UNSIGNED       ; Untyped                                  ;
; LPM_DREPRESENTATION    ; UNSIGNED       ; Untyped                                  ;
; LPM_PIPELINE           ; 0              ; Untyped                                  ;
; LPM_REMAINDERPOSITIVE  ; TRUE           ; Untyped                                  ;
; MAXIMIZE_SPEED         ; 5              ; Untyped                                  ;
; CBXI_PARAMETER         ; lpm_divide_m9m ; Untyped                                  ;
; CARRY_CHAIN            ; MANUAL         ; Untyped                                  ;
; OPTIMIZE_FOR_SPEED     ; 5              ; Untyped                                  ;
; AUTO_CARRY_CHAINS      ; ON             ; AUTO_CARRY                               ;
; IGNORE_CARRY_BUFFERS   ; OFF            ; IGNORE_CARRY                             ;
; AUTO_CASCADE_CHAINS    ; ON             ; AUTO_CASCADE                             ;
; IGNORE_CASCADE_BUFFERS ; OFF            ; IGNORE_CASCADE                           ;
+------------------------+----------------+------------------------------------------+
Note: In order to hide this table in the UI and the text report file, please set the "Show Parameter Settings in Synthesis Report" option in "Analysis and Synthesis Settings -> More Settings" to "Off".


+------------------------------------------------------------------------------------+
; Parameter Settings for Inferred Entity Instance: Display_module:U3|lpm_divide:Div0 ;
+------------------------+----------------+------------------------------------------+
; Parameter Name         ; Value          ; Type                                     ;
+------------------------+----------------+------------------------------------------+
; LPM_WIDTHN             ; 8              ; Untyped                                  ;
; LPM_WIDTHD             ; 4              ; Untyped                                  ;
; LPM_NREPRESENTATION    ; UNSIGNED       ; Untyped                                  ;
; LPM_DREPRESENTATION    ; UNSIGNED       ; Untyped                                  ;
; LPM_PIPELINE           ; 0              ; Untyped                                  ;
; LPM_REMAINDERPOSITIVE  ; TRUE           ; Untyped                                  ;
; MAXIMIZE_SPEED         ; 5              ; Untyped                                  ;
; CBXI_PARAMETER         ; lpm_divide_jhm ; Untyped                                  ;
; CARRY_CHAIN            ; MANUAL         ; Untyped                                  ;
; OPTIMIZE_FOR_SPEED     ; 5              ; Untyped                                  ;
; AUTO_CARRY_CHAINS      ; ON             ; AUTO_CARRY                               ;
; IGNORE_CARRY_BUFFERS   ; OFF            ; IGNORE_CARRY                             ;
; AUTO_CASCADE_CHAINS    ; ON             ; AUTO_CASCADE                             ;
; IGNORE_CASCADE_BUFFERS ; OFF            ; IGNORE_CASCADE                           ;
+------------------------+----------------+------------------------------------------+
Note: In order to hide this table in the UI and the text report file, please set the "Show Parameter Settings in Synthesis Report" option in "Analysis and Synthesis Settings -> More Settings" to "Off".


+------------------------------------------------------------------------------------+
; Parameter Settings for Inferred Entity Instance: Display_module:U3|lpm_divide:Mod1 ;
+------------------------+----------------+------------------------------------------+
; Parameter Name         ; Value          ; Type                                     ;
+------------------------+----------------+------------------------------------------+
; LPM_WIDTHN             ; 8              ; Untyped                                  ;
; LPM_WIDTHD             ; 4              ; Untyped                                  ;
; LPM_NREPRESENTATION    ; UNSIGNED       ; Untyped                                  ;
; LPM_DREPRESENTATION    ; UNSIGNED       ; Untyped                                  ;
; LPM_PIPELINE           ; 0              ; Untyped                                  ;
; LPM_REMAINDERPOSITIVE  ; TRUE           ; Untyped                                  ;
; MAXIMIZE_SPEED         ; 5              ; Untyped                                  ;
; CBXI_PARAMETER         ; lpm_divide_m9m ; Untyped                                  ;
; CARRY_CHAIN            ; MANUAL         ; Untyped                                  ;
; OPTIMIZE_FOR_SPEED     ; 5              ; Untyped                                  ;
; AUTO_CARRY_CHAINS      ; ON             ; AUTO_CARRY                               ;
; IGNORE_CARRY_BUFFERS   ; OFF            ; IGNORE_CARRY                             ;
; AUTO_CASCADE_CHAINS    ; ON             ; AUTO_CASCADE                             ;
; IGNORE_CASCADE_BUFFERS ; OFF            ; IGNORE_CASCADE                           ;
+------------------------+----------------+------------------------------------------+
Note: In order to hide this table in the UI and the text report file, please set the "Show Parameter Settings in Synthesis Report" option in "Analysis and Synthesis Settings -> More Settings" to "Off".


+------------------------------------------------------------------------------------+
; Parameter Settings for Inferred Entity Instance: Display_module:U3|lpm_divide:Div1 ;
+------------------------+----------------+------------------------------------------+
; Parameter Name         ; Value          ; Type                                     ;
+------------------------+----------------+------------------------------------------+
; LPM_WIDTHN             ; 8              ; Untyped                                  ;
; LPM_WIDTHD             ; 7              ; Untyped                                  ;
; LPM_NREPRESENTATION    ; UNSIGNED       ; Untyped                                  ;
; LPM_DREPRESENTATION    ; UNSIGNED       ; Untyped                                  ;
; LPM_PIPELINE           ; 0              ; Untyped                                  ;
; LPM_REMAINDERPOSITIVE  ; TRUE           ; Untyped                                  ;
; MAXIMIZE_SPEED         ; 5              ; Untyped                                  ;
; CBXI_PARAMETER         ; lpm_divide_mhm ; Untyped                                  ;
; CARRY_CHAIN            ; MANUAL         ; Untyped                                  ;
; OPTIMIZE_FOR_SPEED     ; 5              ; Untyped                                  ;
; AUTO_CARRY_CHAINS      ; ON             ; AUTO_CARRY                               ;
; IGNORE_CARRY_BUFFERS   ; OFF            ; IGNORE_CARRY                             ;
; AUTO_CASCADE_CHAINS    ; ON             ; AUTO_CASCADE                             ;
; IGNORE_CASCADE_BUFFERS ; OFF            ; IGNORE_CASCADE                           ;
+------------------------+----------------+------------------------------------------+
Note: In order to hide this table in the UI and the text report file, please set the "Show Parameter Settings in Synthesis Report" option in "Analysis and Synthesis Settings -> More Settings" to "Off".


+------------------------------------------------------------------------------------+
; Parameter Settings for Inferred Entity Instance: Display_module:U3|lpm_divide:Mod2 ;
+------------------------+----------------+------------------------------------------+
; Parameter Name         ; Value          ; Type                                     ;
+------------------------+----------------+------------------------------------------+
; LPM_WIDTHN             ; 8              ; Untyped                                  ;
; LPM_WIDTHD             ; 4              ; Untyped                                  ;
; LPM_NREPRESENTATION    ; UNSIGNED       ; Untyped                                  ;
; LPM_DREPRESENTATION    ; UNSIGNED       ; Untyped                                  ;
; LPM_PIPELINE           ; 0              ; Untyped                                  ;
; LPM_REMAINDERPOSITIVE  ; TRUE           ; Untyped                                  ;
; MAXIMIZE_SPEED         ; 5              ; Untyped                                  ;
; CBXI_PARAMETER         ; lpm_divide_m9m ; Untyped                                  ;
; CARRY_CHAIN            ; MANUAL         ; Untyped                                  ;
; OPTIMIZE_FOR_SPEED     ; 5              ; Untyped                                  ;
; AUTO_CARRY_CHAINS      ; ON             ; AUTO_CARRY                               ;
; IGNORE_CARRY_BUFFERS   ; OFF            ; IGNORE_CARRY                             ;
; AUTO_CASCADE_CHAINS    ; ON             ; AUTO_CASCADE                             ;
; IGNORE_CASCADE_BUFFERS ; OFF            ; IGNORE_CASCADE                           ;
+------------------------+----------------+------------------------------------------+
Note: In order to hide this table in the UI and the text report file, please set the "Show Parameter Settings in Synthesis Report" option in "Analysis and Synthesis Settings -> More Settings" to "Off".


+-------------------------------------------------------------------------------+
; lpm_mult Parameter Settings by Entity Instance                                ;
+---------------------------------------+---------------------------------------+
; Name                                  ; Value                                 ;
+---------------------------------------+---------------------------------------+
; Number of entity instances            ; 1                                     ;
; Entity Instance                       ; PWM_Generate_module:U2|lpm_mult:Mult0 ;
;     -- LPM_WIDTHA                     ; 24                                    ;
;     -- LPM_WIDTHB                     ; 8                                     ;
;     -- LPM_WIDTHP                     ; 32                                    ;
;     -- LPM_REPRESENTATION             ; UNSIGNED                              ;
;     -- INPUT_A_IS_CONSTANT            ; NO                                    ;
;     -- INPUT_B_IS_CONSTANT            ; NO                                    ;
;     -- USE_EAB                        ; OFF                                   ;
;     -- DEDICATED_MULTIPLIER_CIRCUITRY ; AUTO                                  ;
;     -- INPUT_A_FIXED_VALUE            ; Bx                                    ;
;     -- INPUT_B_FIXED_VALUE            ; Bx                                    ;
+---------------------------------------+---------------------------------------+


+-----------------------------------------------------+
; Post-Synthesis Netlist Statistics for Top Partition ;
+-----------------------+-----------------------------+
; Type                  ; Count                       ;
+-----------------------+-----------------------------+
; boundary_port         ; 29                          ;
; cycloneiii_ff         ; 70                          ;
;     CLR               ; 9                           ;
;     CLR SCLR          ; 24                          ;
;     ENA CLR           ; 27                          ;
;     plain             ; 10                          ;
; cycloneiii_lcell_comb ; 905                         ;
;     arith             ; 319                         ;
;         1 data inputs ; 3                           ;
;         2 data inputs ; 75                          ;
;         3 data inputs ; 241                         ;
;     normal            ; 586                         ;
;         0 data inputs ; 41                          ;
;         1 data inputs ; 18                          ;
;         2 data inputs ; 288                         ;
;         3 data inputs ; 35                          ;
;         4 data inputs ; 204                         ;
; cycloneiii_mac_mult   ; 2                           ;
; cycloneiii_mac_out    ; 2                           ;
;                       ;                             ;
; Max LUT depth         ; 72.20                       ;
; Average LUT depth     ; 42.84                       ;
+-----------------------+-----------------------------+


+-------------------------------+
; Elapsed Time Per Partition    ;
+----------------+--------------+
; Partition Name ; Elapsed Time ;
+----------------+--------------+
; Top            ; 00:00:02     ;
+----------------+--------------+


+-------------------------------+
; Analysis & Synthesis Messages ;
+-------------------------------+
Info: *******************************************************************
Info: Running Quartus Prime Analysis & Synthesis
    Info: Version 17.1.0 Build 590 10/25/2017 SJ Standard Edition
    Info: Processing started: Wed May 10 18:02:35 2023
Info: Command: quartus_map --read_settings_files=on --write_settings_files=off PWM -c PWM
Warning (18236): Number of processors has not been specified which may cause overloading on shared machines.  Set the global assignment NUM_PARALLEL_PROCESSORS in your QSF to an appropriate value for best performance.
Info (20030): Parallel compilation is enabled and will use 4 of the 4 processors detected
Info (12021): Found 1 design units, including 1 entities, in source file pwm.v
    Info (12023): Found entity 1: PWM File: D:/Desktop/undergraduate/Embedded/FPGA/code/14 PWM/PWM.v Line: 1
Info (12021): Found 1 design units, including 1 entities, in source file adjust_module.v
    Info (12023): Found entity 1: Adjust_module File: D:/Desktop/undergraduate/Embedded/FPGA/code/14 PWM/Adjust_module.v Line: 1
Info (12021): Found 1 design units, including 1 entities, in source file jitter_elimination_module.v
    Info (12023): Found entity 1: Jitter_Elimination_module File: D:/Desktop/undergraduate/Embedded/FPGA/code/14 PWM/Jitter_Elimination_module.v Line: 1
Info (12021): Found 1 design units, including 1 entities, in source file pwm_generate_module.v
    Info (12023): Found entity 1: PWM_Generate_module File: D:/Desktop/undergraduate/Embedded/FPGA/code/14 PWM/PWM_Generate_module.v Line: 1
Info (12021): Found 1 design units, including 1 entities, in source file display_module.v
    Info (12023): Found entity 1: Display_module File: D:/Desktop/undergraduate/Embedded/FPGA/code/14 PWM/Display_module.v Line: 1
Info (12127): Elaborating entity "PWM" for the top level hierarchy
Info (12128): Elaborating entity "Adjust_module" for hierarchy "Adjust_module:U1" File: D:/Desktop/undergraduate/Embedded/FPGA/code/14 PWM/PWM.v Line: 28
Warning (10240): Verilog HDL Always Construct warning at Adjust_module.v(22): inferring latch(es) for variable "Duty", which holds its previous value in one or more paths through the always construct File: D:/Desktop/undergraduate/Embedded/FPGA/code/14 PWM/Adjust_module.v Line: 22
Warning (10240): Verilog HDL Always Construct warning at Adjust_module.v(48): inferring latch(es) for variable "Count_P", which holds its previous value in one or more paths through the always construct File: D:/Desktop/undergraduate/Embedded/FPGA/code/14 PWM/Adjust_module.v Line: 48
Info (10041): Inferred latch for "Count_P[0]" at Adjust_module.v(48) File: D:/Desktop/undergraduate/Embedded/FPGA/code/14 PWM/Adjust_module.v Line: 48
Info (10041): Inferred latch for "Count_P[1]" at Adjust_module.v(48) File: D:/Desktop/undergraduate/Embedded/FPGA/code/14 PWM/Adjust_module.v Line: 48
Info (10041): Inferred latch for "Count_P[2]" at Adjust_module.v(48) File: D:/Desktop/undergraduate/Embedded/FPGA/code/14 PWM/Adjust_module.v Line: 48
Info (10041): Inferred latch for "Count_P[3]" at Adjust_module.v(48) File: D:/Desktop/undergraduate/Embedded/FPGA/code/14 PWM/Adjust_module.v Line: 48
Info (10041): Inferred latch for "Duty[0]" at Adjust_module.v(22) File: D:/Desktop/undergraduate/Embedded/FPGA/code/14 PWM/Adjust_module.v Line: 22
Info (12128): Elaborating entity "Jitter_Elimination_module" for hierarchy "Adjust_module:U1|Jitter_Elimination_module:U1" File: D:/Desktop/undergraduate/Embedded/FPGA/code/14 PWM/Adjust_module.v Line: 11
Warning (10230): Verilog HDL assignment warning at Jitter_Elimination_module.v(24): truncated value with size 32 to match size of target (1) File: D:/Desktop/undergraduate/Embedded/FPGA/code/14 PWM/Jitter_Elimination_module.v Line: 24
Info (12128): Elaborating entity "PWM_Generate_module" for hierarchy "PWM_Generate_module:U2" File: D:/Desktop/undergraduate/Embedded/FPGA/code/14 PWM/PWM.v Line: 38
Warning (10230): Verilog HDL assignment warning at PWM_Generate_module.v(11): truncated value with size 32 to match size of target (24) File: D:/Desktop/undergraduate/Embedded/FPGA/code/14 PWM/PWM_Generate_module.v Line: 11
Warning (10230): Verilog HDL assignment warning at PWM_Generate_module.v(20): truncated value with size 32 to match size of target (24) File: D:/Desktop/undergraduate/Embedded/FPGA/code/14 PWM/PWM_Generate_module.v Line: 20
Info (12128): Elaborating entity "Display_module" for hierarchy "Display_module:U3" File: D:/Desktop/undergraduate/Embedded/FPGA/code/14 PWM/PWM.v Line: 53
Warning (10230): Verilog HDL assignment warning at Display_module.v(36): truncated value with size 32 to match size of target (2) File: D:/Desktop/undergraduate/Embedded/FPGA/code/14 PWM/Display_module.v Line: 36
Warning (10230): Verilog HDL assignment warning at Display_module.v(39): truncated value with size 32 to match size of target (8) File: D:/Desktop/undergraduate/Embedded/FPGA/code/14 PWM/Display_module.v Line: 39
Warning (10235): Verilog HDL Always Construct warning at Display_module.v(66): variable "Count_D_Display" is read inside the Always Construct but isn't in the Always Construct's Event Control File: D:/Desktop/undergraduate/Embedded/FPGA/code/14 PWM/Display_module.v Line: 66
Warning (10235): Verilog HDL Always Construct warning at Display_module.v(66): variable "Count_P_Display" is read inside the Always Construct but isn't in the Always Construct's Event Control File: D:/Desktop/undergraduate/Embedded/FPGA/code/14 PWM/Display_module.v Line: 66
Warning (10235): Verilog HDL Always Construct warning at Display_module.v(68): variable "Duty" is read inside the Always Construct but isn't in the Always Construct's Event Control File: D:/Desktop/undergraduate/Embedded/FPGA/code/14 PWM/Display_module.v Line: 68
Warning (10230): Verilog HDL assignment warning at Display_module.v(68): truncated value with size 32 to match size of target (4) File: D:/Desktop/undergraduate/Embedded/FPGA/code/14 PWM/Display_module.v Line: 68
Warning (10235): Verilog HDL Always Construct warning at Display_module.v(69): variable "Duty" is read inside the Always Construct but isn't in the Always Construct's Event Control File: D:/Desktop/undergraduate/Embedded/FPGA/code/14 PWM/Display_module.v Line: 69
Warning (10230): Verilog HDL assignment warning at Display_module.v(69): truncated value with size 32 to match size of target (4) File: D:/Desktop/undergraduate/Embedded/FPGA/code/14 PWM/Display_module.v Line: 69
Warning (10235): Verilog HDL Always Construct warning at Display_module.v(71): variable "Duty" is read inside the Always Construct but isn't in the Always Construct's Event Control File: D:/Desktop/undergraduate/Embedded/FPGA/code/14 PWM/Display_module.v Line: 71
Warning (10230): Verilog HDL assignment warning at Display_module.v(71): truncated value with size 32 to match size of target (5) File: D:/Desktop/undergraduate/Embedded/FPGA/code/14 PWM/Display_module.v Line: 71
Warning (10235): Verilog HDL Always Construct warning at Display_module.v(75): variable "Count_D_Display" is read inside the Always Construct but isn't in the Always Construct's Event Control File: D:/Desktop/undergraduate/Embedded/FPGA/code/14 PWM/Display_module.v Line: 75
Warning (10235): Verilog HDL Always Construct warning at Display_module.v(75): variable "Count_P_Display" is read inside the Always Construct but isn't in the Always Construct's Event Control File: D:/Desktop/undergraduate/Embedded/FPGA/code/14 PWM/Display_module.v Line: 75
Warning (10235): Verilog HDL Always Construct warning at Display_module.v(77): variable "Count_D" is read inside the Always Construct but isn't in the Always Construct's Event Control File: D:/Desktop/undergraduate/Embedded/FPGA/code/14 PWM/Display_module.v Line: 77
Warning (10235): Verilog HDL Always Construct warning at Display_module.v(78): variable "Count_D" is read inside the Always Construct but isn't in the Always Construct's Event Control File: D:/Desktop/undergraduate/Embedded/FPGA/code/14 PWM/Display_module.v Line: 78
Warning (10235): Verilog HDL Always Construct warning at Display_module.v(80): variable "Count_D" is read inside the Always Construct but isn't in the Always Construct's Event Control File: D:/Desktop/undergraduate/Embedded/FPGA/code/14 PWM/Display_module.v Line: 80
Warning (10235): Verilog HDL Always Construct warning at Display_module.v(81): variable "Count_D" is read inside the Always Construct but isn't in the Always Construct's Event Control File: D:/Desktop/undergraduate/Embedded/FPGA/code/14 PWM/Display_module.v Line: 81
Warning (10235): Verilog HDL Always Construct warning at Display_module.v(82): variable "Count_D" is read inside the Always Construct but isn't in the Always Construct's Event Control File: D:/Desktop/undergraduate/Embedded/FPGA/code/14 PWM/Display_module.v Line: 82
Warning (10235): Verilog HDL Always Construct warning at Display_module.v(83): variable "Count_D" is read inside the Always Construct but isn't in the Always Construct's Event Control File: D:/Desktop/undergraduate/Embedded/FPGA/code/14 PWM/Display_module.v Line: 83
Warning (10270): Verilog HDL Case Statement warning at Display_module.v(79): incomplete case statement has no default case item File: D:/Desktop/undergraduate/Embedded/FPGA/code/14 PWM/Display_module.v Line: 79
Info (10264): Verilog HDL Case Statement information at Display_module.v(79): all case item expressions in this case statement are onehot File: D:/Desktop/undergraduate/Embedded/FPGA/code/14 PWM/Display_module.v Line: 79
Warning (10235): Verilog HDL Always Construct warning at Display_module.v(86): variable "Count_D_Display" is read inside the Always Construct but isn't in the Always Construct's Event Control File: D:/Desktop/undergraduate/Embedded/FPGA/code/14 PWM/Display_module.v Line: 86
Warning (10235): Verilog HDL Always Construct warning at Display_module.v(86): variable "Count_P_Display" is read inside the Always Construct but isn't in the Always Construct's Event Control File: D:/Desktop/undergraduate/Embedded/FPGA/code/14 PWM/Display_module.v Line: 86
Warning (10235): Verilog HDL Always Construct warning at Display_module.v(88): variable "Count_P" is read inside the Always Construct but isn't in the Always Construct's Event Control File: D:/Desktop/undergraduate/Embedded/FPGA/code/14 PWM/Display_module.v Line: 88
Warning (10235): Verilog HDL Always Construct warning at Display_module.v(89): variable "Count_P" is read inside the Always Construct but isn't in the Always Construct's Event Control File: D:/Desktop/undergraduate/Embedded/FPGA/code/14 PWM/Display_module.v Line: 89
Warning (10235): Verilog HDL Always Construct warning at Display_module.v(91): variable "Count_P" is read inside the Always Construct but isn't in the Always Construct's Event Control File: D:/Desktop/undergraduate/Embedded/FPGA/code/14 PWM/Display_module.v Line: 91
Warning (10235): Verilog HDL Always Construct warning at Display_module.v(92): variable "Count_P" is read inside the Always Construct but isn't in the Always Construct's Event Control File: D:/Desktop/undergraduate/Embedded/FPGA/code/14 PWM/Display_module.v Line: 92
Warning (10235): Verilog HDL Always Construct warning at Display_module.v(93): variable "Count_P" is read inside the Always Construct but isn't in the Always Construct's Event Control File: D:/Desktop/undergraduate/Embedded/FPGA/code/14 PWM/Display_module.v Line: 93
Warning (10235): Verilog HDL Always Construct warning at Display_module.v(94): variable "Count_P" is read inside the Always Construct but isn't in the Always Construct's Event Control File: D:/Desktop/undergraduate/Embedded/FPGA/code/14 PWM/Display_module.v Line: 94
Warning (10270): Verilog HDL Case Statement warning at Display_module.v(90): incomplete case statement has no default case item File: D:/Desktop/undergraduate/Embedded/FPGA/code/14 PWM/Display_module.v Line: 90
Info (10264): Verilog HDL Case Statement information at Display_module.v(90): all case item expressions in this case statement are onehot File: D:/Desktop/undergraduate/Embedded/FPGA/code/14 PWM/Display_module.v Line: 90
Warning (10270): Verilog HDL Case Statement warning at Display_module.v(104): incomplete case statement has no default case item File: D:/Desktop/undergraduate/Embedded/FPGA/code/14 PWM/Display_module.v Line: 104
Warning (10240): Verilog HDL Always Construct warning at Display_module.v(57): inferring latch(es) for variable "SingleNum", which holds its previous value in one or more paths through the always construct File: D:/Desktop/undergraduate/Embedded/FPGA/code/14 PWM/Display_module.v Line: 57
Warning (10240): Verilog HDL Always Construct warning at Display_module.v(57): inferring latch(es) for variable "W_Digitron_Out", which holds its previous value in one or more paths through the always construct File: D:/Desktop/undergraduate/Embedded/FPGA/code/14 PWM/Display_module.v Line: 57
Info (10041): Inferred latch for "W_Digitron_Out[0]" at Display_module.v(66) File: D:/Desktop/undergraduate/Embedded/FPGA/code/14 PWM/Display_module.v Line: 66
Info (10041): Inferred latch for "W_Digitron_Out[1]" at Display_module.v(66) File: D:/Desktop/undergraduate/Embedded/FPGA/code/14 PWM/Display_module.v Line: 66
Info (10041): Inferred latch for "W_Digitron_Out[2]" at Display_module.v(66) File: D:/Desktop/undergraduate/Embedded/FPGA/code/14 PWM/Display_module.v Line: 66
Info (10041): Inferred latch for "W_Digitron_Out[3]" at Display_module.v(66) File: D:/Desktop/undergraduate/Embedded/FPGA/code/14 PWM/Display_module.v Line: 66
Info (10041): Inferred latch for "W_Digitron_Out[4]" at Display_module.v(66) File: D:/Desktop/undergraduate/Embedded/FPGA/code/14 PWM/Display_module.v Line: 66
Info (10041): Inferred latch for "W_Digitron_Out[5]" at Display_module.v(66) File: D:/Desktop/undergraduate/Embedded/FPGA/code/14 PWM/Display_module.v Line: 66
Info (10041): Inferred latch for "W_Digitron_Out[6]" at Display_module.v(66) File: D:/Desktop/undergraduate/Embedded/FPGA/code/14 PWM/Display_module.v Line: 66
Info (10041): Inferred latch for "W_Digitron_Out[7]" at Display_module.v(66) File: D:/Desktop/undergraduate/Embedded/FPGA/code/14 PWM/Display_module.v Line: 66
Info (10041): Inferred latch for "SingleNum[0]" at Display_module.v(66) File: D:/Desktop/undergraduate/Embedded/FPGA/code/14 PWM/Display_module.v Line: 66
Info (10041): Inferred latch for "SingleNum[1]" at Display_module.v(66) File: D:/Desktop/undergraduate/Embedded/FPGA/code/14 PWM/Display_module.v Line: 66
Info (10041): Inferred latch for "SingleNum[2]" at Display_module.v(66) File: D:/Desktop/undergraduate/Embedded/FPGA/code/14 PWM/Display_module.v Line: 66
Info (10041): Inferred latch for "SingleNum[3]" at Display_module.v(66) File: D:/Desktop/undergraduate/Embedded/FPGA/code/14 PWM/Display_module.v Line: 66
Info (10041): Inferred latch for "SingleNum[4]" at Display_module.v(66) File: D:/Desktop/undergraduate/Embedded/FPGA/code/14 PWM/Display_module.v Line: 66
Info (278001): Inferred 7 megafunctions from design logic
    Info (278003): Inferred multiplier megafunction ("lpm_mult") from the following logic: "PWM_Generate_module:U2|Mult0" File: D:/Desktop/undergraduate/Embedded/FPGA/code/14 PWM/PWM_Generate_module.v Line: 11
    Info (278004): Inferred divider/modulo megafunction ("lpm_divide") from the following logic: "PWM_Generate_module:U2|Div0" File: D:/Desktop/undergraduate/Embedded/FPGA/code/14 PWM/PWM_Generate_module.v Line: 11
    Info (278004): Inferred divider/modulo megafunction ("lpm_divide") from the following logic: "Display_module:U3|Mod0" File: D:/Desktop/undergraduate/Embedded/FPGA/code/14 PWM/Display_module.v Line: 68
    Info (278004): Inferred divider/modulo megafunction ("lpm_divide") from the following logic: "Display_module:U3|Div0" File: D:/Desktop/undergraduate/Embedded/FPGA/code/14 PWM/Display_module.v Line: 69
    Info (278004): Inferred divider/modulo megafunction ("lpm_divide") from the following logic: "Display_module:U3|Mod1" File: D:/Desktop/undergraduate/Embedded/FPGA/code/14 PWM/Display_module.v Line: 69
    Info (278004): Inferred divider/modulo megafunction ("lpm_divide") from the following logic: "Display_module:U3|Div1" File: D:/Desktop/undergraduate/Embedded/FPGA/code/14 PWM/Display_module.v Line: 71
    Info (278004): Inferred divider/modulo megafunction ("lpm_divide") from the following logic: "Display_module:U3|Mod2" File: D:/Desktop/undergraduate/Embedded/FPGA/code/14 PWM/Display_module.v Line: 71
Info (12130): Elaborated megafunction instantiation "PWM_Generate_module:U2|lpm_mult:Mult0" File: D:/Desktop/undergraduate/Embedded/FPGA/code/14 PWM/PWM_Generate_module.v Line: 11
Info (12133): Instantiated megafunction "PWM_Generate_module:U2|lpm_mult:Mult0" with the following parameter: File: D:/Desktop/undergraduate/Embedded/FPGA/code/14 PWM/PWM_Generate_module.v Line: 11
    Info (12134): Parameter "LPM_WIDTHA" = "24"
    Info (12134): Parameter "LPM_WIDTHB" = "8"
    Info (12134): Parameter "LPM_WIDTHP" = "32"
    Info (12134): Parameter "LPM_WIDTHR" = "32"
    Info (12134): Parameter "LPM_WIDTHS" = "1"
    Info (12134): Parameter "LPM_REPRESENTATION" = "UNSIGNED"
    Info (12134): Parameter "INPUT_A_IS_CONSTANT" = "NO"
    Info (12134): Parameter "INPUT_B_IS_CONSTANT" = "NO"
    Info (12134): Parameter "MAXIMIZE_SPEED" = "5"
Info (12021): Found 1 design units, including 1 entities, in source file db/mult_mbt.tdf
    Info (12023): Found entity 1: mult_mbt File: D:/Desktop/undergraduate/Embedded/FPGA/code/14 PWM/db/mult_mbt.tdf Line: 30
Info (12130): Elaborated megafunction instantiation "PWM_Generate_module:U2|lpm_divide:Div0" File: D:/Desktop/undergraduate/Embedded/FPGA/code/14 PWM/PWM_Generate_module.v Line: 11
Info (12133): Instantiated megafunction "PWM_Generate_module:U2|lpm_divide:Div0" with the following parameter: File: D:/Desktop/undergraduate/Embedded/FPGA/code/14 PWM/PWM_Generate_module.v Line: 11
    Info (12134): Parameter "LPM_WIDTHN" = "32"
    Info (12134): Parameter "LPM_WIDTHD" = "7"
    Info (12134): Parameter "LPM_NREPRESENTATION" = "UNSIGNED"
    Info (12134): Parameter "LPM_DREPRESENTATION" = "UNSIGNED"
Info (12021): Found 1 design units, including 1 entities, in source file db/lpm_divide_3jm.tdf
    Info (12023): Found entity 1: lpm_divide_3jm File: D:/Desktop/undergraduate/Embedded/FPGA/code/14 PWM/db/lpm_divide_3jm.tdf Line: 24
Info (12021): Found 1 design units, including 1 entities, in source file db/sign_div_unsign_rlh.tdf
    Info (12023): Found entity 1: sign_div_unsign_rlh File: D:/Desktop/undergraduate/Embedded/FPGA/code/14 PWM/db/sign_div_unsign_rlh.tdf Line: 24
Info (12021): Found 1 design units, including 1 entities, in source file db/alt_u_div_a7f.tdf
    Info (12023): Found entity 1: alt_u_div_a7f File: D:/Desktop/undergraduate/Embedded/FPGA/code/14 PWM/db/alt_u_div_a7f.tdf Line: 26
Info (12021): Found 1 design units, including 1 entities, in source file db/add_sub_7pc.tdf
    Info (12023): Found entity 1: add_sub_7pc File: D:/Desktop/undergraduate/Embedded/FPGA/code/14 PWM/db/add_sub_7pc.tdf Line: 22
Info (12021): Found 1 design units, including 1 entities, in source file db/add_sub_8pc.tdf
    Info (12023): Found entity 1: add_sub_8pc File: D:/Desktop/undergraduate/Embedded/FPGA/code/14 PWM/db/add_sub_8pc.tdf Line: 22
Info (12130): Elaborated megafunction instantiation "Display_module:U3|lpm_divide:Mod0" File: D:/Desktop/undergraduate/Embedded/FPGA/code/14 PWM/Display_module.v Line: 68
Info (12133): Instantiated megafunction "Display_module:U3|lpm_divide:Mod0" with the following parameter: File: D:/Desktop/undergraduate/Embedded/FPGA/code/14 PWM/Display_module.v Line: 68
    Info (12134): Parameter "LPM_WIDTHN" = "8"
    Info (12134): Parameter "LPM_WIDTHD" = "4"
    Info (12134): Parameter "LPM_NREPRESENTATION" = "UNSIGNED"
    Info (12134): Parameter "LPM_DREPRESENTATION" = "UNSIGNED"
Info (12021): Found 1 design units, including 1 entities, in source file db/lpm_divide_m9m.tdf
    Info (12023): Found entity 1: lpm_divide_m9m File: D:/Desktop/undergraduate/Embedded/FPGA/code/14 PWM/db/lpm_divide_m9m.tdf Line: 24
Info (12021): Found 1 design units, including 1 entities, in source file db/sign_div_unsign_bkh.tdf
    Info (12023): Found entity 1: sign_div_unsign_bkh File: D:/Desktop/undergraduate/Embedded/FPGA/code/14 PWM/db/sign_div_unsign_bkh.tdf Line: 24
Info (12021): Found 1 design units, including 1 entities, in source file db/alt_u_div_a4f.tdf
    Info (12023): Found entity 1: alt_u_div_a4f File: D:/Desktop/undergraduate/Embedded/FPGA/code/14 PWM/db/alt_u_div_a4f.tdf Line: 26
Info (12130): Elaborated megafunction instantiation "Display_module:U3|lpm_divide:Div0" File: D:/Desktop/undergraduate/Embedded/FPGA/code/14 PWM/Display_module.v Line: 69
Info (12133): Instantiated megafunction "Display_module:U3|lpm_divide:Div0" with the following parameter: File: D:/Desktop/undergraduate/Embedded/FPGA/code/14 PWM/Display_module.v Line: 69
    Info (12134): Parameter "LPM_WIDTHN" = "8"
    Info (12134): Parameter "LPM_WIDTHD" = "4"
    Info (12134): Parameter "LPM_NREPRESENTATION" = "UNSIGNED"
    Info (12134): Parameter "LPM_DREPRESENTATION" = "UNSIGNED"
Info (12021): Found 1 design units, including 1 entities, in source file db/lpm_divide_jhm.tdf
    Info (12023): Found entity 1: lpm_divide_jhm File: D:/Desktop/undergraduate/Embedded/FPGA/code/14 PWM/db/lpm_divide_jhm.tdf Line: 24
Info (12130): Elaborated megafunction instantiation "Display_module:U3|lpm_divide:Mod1" File: D:/Desktop/undergraduate/Embedded/FPGA/code/14 PWM/Display_module.v Line: 69
Info (12133): Instantiated megafunction "Display_module:U3|lpm_divide:Mod1" with the following parameter: File: D:/Desktop/undergraduate/Embedded/FPGA/code/14 PWM/Display_module.v Line: 69
    Info (12134): Parameter "LPM_WIDTHN" = "8"
    Info (12134): Parameter "LPM_WIDTHD" = "4"
    Info (12134): Parameter "LPM_NREPRESENTATION" = "UNSIGNED"
    Info (12134): Parameter "LPM_DREPRESENTATION" = "UNSIGNED"
Info (12130): Elaborated megafunction instantiation "Display_module:U3|lpm_divide:Div1" File: D:/Desktop/undergraduate/Embedded/FPGA/code/14 PWM/Display_module.v Line: 71
Info (12133): Instantiated megafunction "Display_module:U3|lpm_divide:Div1" with the following parameter: File: D:/Desktop/undergraduate/Embedded/FPGA/code/14 PWM/Display_module.v Line: 71
    Info (12134): Parameter "LPM_WIDTHN" = "8"
    Info (12134): Parameter "LPM_WIDTHD" = "7"
    Info (12134): Parameter "LPM_NREPRESENTATION" = "UNSIGNED"
    Info (12134): Parameter "LPM_DREPRESENTATION" = "UNSIGNED"
Info (12021): Found 1 design units, including 1 entities, in source file db/lpm_divide_mhm.tdf
    Info (12023): Found entity 1: lpm_divide_mhm File: D:/Desktop/undergraduate/Embedded/FPGA/code/14 PWM/db/lpm_divide_mhm.tdf Line: 24
Info (12021): Found 1 design units, including 1 entities, in source file db/sign_div_unsign_ekh.tdf
    Info (12023): Found entity 1: sign_div_unsign_ekh File: D:/Desktop/undergraduate/Embedded/FPGA/code/14 PWM/db/sign_div_unsign_ekh.tdf Line: 24
Info (12021): Found 1 design units, including 1 entities, in source file db/alt_u_div_g4f.tdf
    Info (12023): Found entity 1: alt_u_div_g4f File: D:/Desktop/undergraduate/Embedded/FPGA/code/14 PWM/db/alt_u_div_g4f.tdf Line: 26
Info (13014): Ignored 36 buffer(s)
    Info (13019): Ignored 36 SOFT buffer(s)
Warning (13012): Latch Display_module:U3|W_Digitron_Out[0] has unsafe behavior File: D:/Desktop/undergraduate/Embedded/FPGA/code/14 PWM/Display_module.v Line: 66
    Warning (13013): Ports D and ENA on the latch are fed by the same signal Rstn File: D:/Desktop/undergraduate/Embedded/FPGA/code/14 PWM/PWM.v Line: 7
Warning (13012): Latch Display_module:U3|W_Digitron_Out[1] has unsafe behavior File: D:/Desktop/undergraduate/Embedded/FPGA/code/14 PWM/Display_module.v Line: 66
    Warning (13013): Ports D and ENA on the latch are fed by the same signal Display_module:U3|cnt[0] File: D:/Desktop/undergraduate/Embedded/FPGA/code/14 PWM/Display_module.v Line: 28
Warning (13012): Latch Display_module:U3|W_Digitron_Out[2] has unsafe behavior File: D:/Desktop/undergraduate/Embedded/FPGA/code/14 PWM/Display_module.v Line: 66
    Warning (13013): Ports D and ENA on the latch are fed by the same signal Display_module:U3|cnt[0] File: D:/Desktop/undergraduate/Embedded/FPGA/code/14 PWM/Display_module.v Line: 28
Warning (13012): Latch Display_module:U3|W_Digitron_Out[3] has unsafe behavior File: D:/Desktop/undergraduate/Embedded/FPGA/code/14 PWM/Display_module.v Line: 66
    Warning (13013): Ports D and ENA on the latch are fed by the same signal Display_module:U3|cnt[0] File: D:/Desktop/undergraduate/Embedded/FPGA/code/14 PWM/Display_module.v Line: 28
Warning (13012): Latch Display_module:U3|W_Digitron_Out[4] has unsafe behavior File: D:/Desktop/undergraduate/Embedded/FPGA/code/14 PWM/Display_module.v Line: 66
    Warning (13013): Ports D and ENA on the latch are fed by the same signal Rstn File: D:/Desktop/undergraduate/Embedded/FPGA/code/14 PWM/PWM.v Line: 7
Warning (13012): Latch Display_module:U3|W_Digitron_Out[5] has unsafe behavior File: D:/Desktop/undergraduate/Embedded/FPGA/code/14 PWM/Display_module.v Line: 66
    Warning (13013): Ports D and ENA on the latch are fed by the same signal Rstn File: D:/Desktop/undergraduate/Embedded/FPGA/code/14 PWM/PWM.v Line: 7
Warning (13012): Latch Display_module:U3|W_Digitron_Out[6] has unsafe behavior File: D:/Desktop/undergraduate/Embedded/FPGA/code/14 PWM/Display_module.v Line: 66
    Warning (13013): Ports D and ENA on the latch are fed by the same signal Rstn File: D:/Desktop/undergraduate/Embedded/FPGA/code/14 PWM/PWM.v Line: 7
Info (13000): Registers with preset signals will power-up high File: D:/Desktop/undergraduate/Embedded/FPGA/code/14 PWM/Jitter_Elimination_module.v Line: 8
Info (13003): DEV_CLRn pin will set, and not reset, register with preset signal due to NOT Gate Push-Back
Warning (13024): Output pins are stuck at VCC or GND
    Warning (13410): Pin "Digitron_Out[7]" is stuck at GND File: D:/Desktop/undergraduate/Embedded/FPGA/code/14 PWM/PWM.v Line: 11
Info (286030): Timing-Driven Synthesis is running
Info (17016): Found the following redundant logic cells in design
    Info (17048): Logic cell "Display_module:U3|lpm_divide:Mod0|lpm_divide_m9m:auto_generated|sign_div_unsign_bkh:divider|alt_u_div_a4f:divider|add_sub_3_result_int[0]~8" File: D:/Desktop/undergraduate/Embedded/FPGA/code/14 PWM/db/alt_u_div_a4f.tdf Line: 41
    Info (17048): Logic cell "Display_module:U3|lpm_divide:Mod0|lpm_divide_m9m:auto_generated|sign_div_unsign_bkh:divider|alt_u_div_a4f:divider|add_sub_6_result_int[0]~10" File: D:/Desktop/undergraduate/Embedded/FPGA/code/14 PWM/db/alt_u_div_a4f.tdf Line: 56
    Info (17048): Logic cell "Display_module:U3|lpm_divide:Div0|lpm_divide_jhm:auto_generated|sign_div_unsign_bkh:divider|alt_u_div_a4f:divider|add_sub_3_result_int[0]~8" File: D:/Desktop/undergraduate/Embedded/FPGA/code/14 PWM/db/alt_u_div_a4f.tdf Line: 41
    Info (17048): Logic cell "Display_module:U3|lpm_divide:Div0|lpm_divide_jhm:auto_generated|sign_div_unsign_bkh:divider|alt_u_div_a4f:divider|add_sub_6_result_int[0]~10" File: D:/Desktop/undergraduate/Embedded/FPGA/code/14 PWM/db/alt_u_div_a4f.tdf Line: 56
    Info (17048): Logic cell "Display_module:U3|lpm_divide:Mod1|lpm_divide_m9m:auto_generated|sign_div_unsign_bkh:divider|alt_u_div_a4f:divider|add_sub_7_result_int[0]~0" File: D:/Desktop/undergraduate/Embedded/FPGA/code/14 PWM/db/alt_u_div_a4f.tdf Line: 61
    Info (17048): Logic cell "Display_module:U3|lpm_divide:Mod1|lpm_divide_m9m:auto_generated|sign_div_unsign_bkh:divider|alt_u_div_a4f:divider|add_sub_6_result_int[0]~10" File: D:/Desktop/undergraduate/Embedded/FPGA/code/14 PWM/db/alt_u_div_a4f.tdf Line: 56
Info (144001): Generated suppressed messages file D:/Desktop/undergraduate/Embedded/FPGA/code/14 PWM/output_files/PWM.map.smsg
Info (16010): Generating hard_block partition "hard_block:auto_generated_inst"
    Info (16011): Adding 0 node(s), including 0 DDIO, 0 PLL, 0 transceiver and 0 LCELL
Info (21057): Implemented 937 device resources after synthesis - the final resource count might be different
    Info (21058): Implemented 8 input pins
    Info (21059): Implemented 21 output pins
    Info (21061): Implemented 905 logic cells
    Info (21062): Implemented 3 DSP elements
Info: Quartus Prime Analysis & Synthesis was successful. 0 errors, 53 warnings
    Info: Peak virtual memory: 4802 megabytes
    Info: Processing ended: Wed May 10 18:02:48 2023
    Info: Elapsed time: 00:00:13
    Info: Total CPU time (on all processors): 00:00:23


+------------------------------------------+
; Analysis & Synthesis Suppressed Messages ;
+------------------------------------------+
The suppressed messages can be found in D:/Desktop/undergraduate/Embedded/FPGA/code/14 PWM/output_files/PWM.map.smsg.


